1605751676658	geckodriver	INFO	Listening on 127.0.0.1:53019
1605751679732	mozrunner::runner	INFO	Running command: "D:\\Windows\\Program Files\\Mozilla Firefox\\firefox.exe" "--marionette" "-foreground" "-no-remote" "-profile" "C:\\Users\\bioen\\AppData\\Local\\Temp\\rust_mozprofiledYpgC0"
Can't find symbol 'eglSwapBuffersWithDamageEXT'.
Can't find symbol 'eglSetDamageRegionKHR'.
JavaScript error: resource://gre/modules/XULStore.jsm, line 66: Error: Can't find profile directory.
console.warn: SearchSettings: "get: No settings file exists, new profile?" (new Error("", "(unknown module)"))
1605751684749	Marionette	INFO	Listening on port 53039
1605751685035	Marionette	WARN	TLS certificate errors will be ignored for this session
1605751706272	Marionette	INFO	Stopped listening on port 53039

###!!! [Child][RunMessage] Error: Channel closing: too late to send/recv, messages will be lost


###!!! [Child][MessageChannel::SendAndWait] Error: Channel error: cannot send/recv

\\Local\\Temp\\rust_mozprofileeQI8L0"
Can't find symbol 'eglSwapBuffersWithDamageEXT'.
Can't find symbol 'eglSetDamageRegionKHR'.
JavaScript error: resource://gre/modules/XULStore.jsm, line 66: Error: Can't find profile directory.
console.warn: SearchSettings: "get: No settings file exists, new profile?" (new Error("", "(unknown module)"))
1605751707410	Marionette	INFO	Listening on port 53105
1605751707689	Marionette	WARN	TLS certificate errors will be ignored for this session
1605760149966	Marionette	INFO	Stopped listening on port 53105

###!!! [Child][RunMessage] Error: Channel closing: too late to send/recv, messages will be lost


###!!! [Child][MessageChannel::SendAndWait] Error: Channel error: cannot send/recv

\\Local\\Temp\\rust_mozprofileXpBmZD"
Can't find symbol 'eglSwapBuffersWithDamageEXT'.
Can't find symbol 'eglSetDamageRegionKHR'.
JavaScript error: resource://gre/modules/XULStore.jsm, line 66: Error: Can't find profile directory.
console.warn: SearchSettings: "get: No settings file exists, new profile?" (new Error("", "(unknown module)"))
1605751737777	Marionette	INFO	Listening on port 53177
1605751738123	Marionette	WARN	TLS certificate errors will be ignored for this session
Can't find symbol 'eglSwapBuffersWithDamageEXT'.
Can't find symbol 'eglSetDamageRegionKHR'.
JavaScript error: https://secure-ds.serving-sys.com/BurstingCachedScripts//Disp_3_31_0/ebRichVV.js, line 1: SecurityError: Permission denied to access property "hostname" on cross-origin object
JavaScript error: https://secure-ds.serving-sys.com/BurstingCachedScripts//Disp_3_31_0/ebRichVV.js, line 1: SecurityError: Permission denied to access property "hostname" on cross-origin object
JavaScript error: https://secure-ds.serving-sys.com/BurstingCachedScripts//Disp_3_31_0/ebRichVV.js, line 1: NS_ERROR_FAILURE: 
Handler function threw an exception: TypeError: topFrame.browsingContext is null
Stack: matchRequest@resource://devtools/server1605752540647	Marionette	INFO	Stopped listening on port 53249

###!!! [Child][MessageChannel::SendAndWait] Error: Channel error: cannot send/recv

rkObserver.prototype.observeActivity<@resource://devtools/server/actors/network-monitor/network-observer.js:708:12
exports.makeInfallible/<@resource://devtools/shared/ThreadSafeDevToolsUtils.js:103:22
Line: 130, column: 9
console.error: (new TypeError("topFrame.browsingContext is null", "resource://devtools/server/actors/network-monitor/network-observer.js", 130))
Handler function _httpResponseExaminer threw an exception: TypeError: topFrame.browsingContext is null
Stack: matchRequest@resource://devtools/server/actors/network-monitor/network-observer.js:130:9
_httpResponseExaminer@resource://devtools/server/actors/network-monitor/network-observer.js:454:10
exports.makeInfallible/<@resource://devtools/shared/ThreadSafeDevToolsUtils.js:103:22
Line: 130, column: 9
console.error: (new TypeError("topFrame.browsingContext is null", "resource://devtools/server/actors/network-monitor/network-observer.js", 130))
JavaScript error: resource://gre/modules/XULStore.jsm, line 66: Error: Can't find profile directory.
1605752383405	Marionette	INFO	Stopped listening on port 53177

###!!! [Child][RunMessage] Error: Channel closing: too late to send/recv, messages will be lost


###!!! [Child][MessageChannel::SendAndWait] Error: Channel error: cannot send/recv

bol 'eglSetDamageRegionKHR'.
JavaScript error: resource://gre/modules/XULStore.jsm, line 66: Error: Can't find profile directory.
console.warn: SearchSettings: "get: No settings file exists, new profile?" (new Error("", "(unknown module)"))
1605751946521	Marionette	INFO	Listening on port 53486
1605751946704	Marionette	WARN	TLS certificate errors will be ignored for this session
console.warn: LoginRecipes: "getRecipes: falling back to a synchronous message for:" "http://dep.uaemex.mx"
console.warn: LoginRecipes: "getRecipes: falling back to a synchronous message for:" "http://dep.uaemex.mx"
1605752240212	Marionette	INFO	Stopped listening on port 53486

###!!! [Child][MessageChannel::SendAndWait] Error: Channel error: cannot send/recv

Firefox\\firefox.exe" "--marionette" "-foreground" "-no-remote" "-profile" "C:\\Users\\bioen\\AppData\\Local\\Temp\\rust_mozprofileImOXmx"
Can't find symbol 'eglSwapBuffersWithDamageEXT'.
Can't find symbol 'eglSetDamageRegionKHR'.
JavaScript error: resource://gre/modules/XULStore.jsm, line 66: Error: Can't find profile directory.
console.warn: SearchSettings: "get: No settings file exists, new profile?" (new Error("", "(unknown module)"))
1605752028605	Marionette	INFO	Listening on port 53587
1605752028931	Marionette	WARN	TLS certificate errors will be ignored for this session
1605752237179	Marionette	INFO	Stopped listening on port 53587

###!!! [Child][RunMessage] Error: Channel closing: too late to send/recv, messages will be lost


###!!! [Child][MessageChannel::SendAndWait] Error: Channel error: cannot send/recv

\\Local\\Temp\\rust_mozprofileEExIGT"
Can't find symbol 'eglSwapBuffersWithDamageEXT'.
Can't find symbol 'eglSetDamageRegionKHR'.
JavaScript error: resource://gre/modules/XULStore.jsm, line 66: Error: Can't find profile directory.
console.warn: SearchSettings: "get: No settings file exists, new profile?" (new Error("", "(unknown module)"))
1605752146956	Marionette	INFO	Listening on port 53717
1605752147279	Marionette	WARN	TLS certificate errors will be ignored for this session
1605752238839	Marionette	INFO	Stopped listening on port 53717

###!!! [Child][RunMessage] Error: Channel closing: too late to send/recv, messages will be lost


###!!! [Child][MessageChannel::SendAndWait] Error: Channel error: cannot send/recv

1605752387673	geckodriver	INFO	Listening on 127.0.0.1:53913
1605752390725	mozrunner::runner	INFO	Running command: "D:\\Windows\\Program Files\\Mozilla Firefox\\firefox.exe" "--marionette" "-foreground" "-no-remote" "-profile" "C:\\Users\\bioen\\AppData\\Local\\Temp\\rust_mozprofile1ezLsg"
Can't find symbol 'eglSwapBuffersWithDamageEXT'.
Can't find symbol 'eglSetDamageRegionKHR'.
JavaScript error: resource://gre/modules/XULStore.jsm, line 66: Error: Can't find profile directory.
console.warn: SearchSettings: "get: No settings file exists, new profile?" (new Error("", "(unknown module)"))
1605752392993	Marionette	INFO	Listening on port 53922
1605752393407	Marionette	WARN	TLS certificate errors will be ignored for this session
1605752400460	Marionette	WARN	TimedPromise timed out after 500 ms: stacktrace:
TimedPromise/<@chrome://marionette/content/sync.js:228:19
TimedPromise@chrome://marionette/content/sync.js:213:10
interaction.flushEventLoop@chrome://marionette/content/interaction.js:418:10
webdriverClickElement@chrome://marionette/content/interaction.js:179:31
1605752538294	Marionette	INFO	Stopped listening on port 53922

###!!! [Child][MessageChannel::SendAndWait] Error: Channel error: cannot send/recv

Firefox\\firefox.exe" "--marionette" "-foreground" "-no-remote" "-profile" "C:\\Users\\bioen\\AppData\\Local\\Temp\\rust_mozprofilerurCCl"
Can't find symbol 'eglSwapBuffersWithDamageEXT'.
Can't find symbol 'eglSetDamageRegionKHR'.
JavaScript error: resource://gre/modules/XULStore.jsm, line 66: Error: Can't find profile directory.
console.warn: SearchSettings: "get: No settings file exists, new profile?" (new Error("", "(unknown module)"))
1605752437285	Marionette	INFO	Listening on port 53982
1605752437764	Marionette	WARN	TLS certificate errors will be ignored for this session
1605752537429	Marionette	INFO	Stopped listening on port 53982

###!!! [Child][RunMessage] Error: Channel closing: too late to send/recv, messages will be lost


###!!! [Child][MessageChannel::SendAndWait] Error: Channel error: cannot send/recv

\\Local\\Temp\\rust_mozprofilezXOKxN"
Can't find symbol 'eglSwapBuffersWithDamageEXT'.
Can't find symbol 'eglSetDamageRegionKHR'.
JavaScript error: resource://gre/modules/XULStore.jsm, line 66: Error: Can't find profile directory.
console.warn: SearchSettings: "get: No settings file exists, new profile?" (new Error("", "(unknown module)"))
1605752469882	Marionette	INFO	Listening on port 54038
1605752470200	Marionette	WARN	TLS certificate errors will be ignored for this session
1605753845532	Marionette	INFO	Stopped listening on port 54038

###!!! [Child][RunMessage] Error: Channel closing: too late to send/recv, messages will be lost


###!!! [Child][MessageChannel::SendAndWait] Error: Channel error: cannot send/recv

\\Local\\Temp\\rust_mozprofile4jFbwC"
Can't find symbol 'eglSwapBuffersWithDamageEXT'.
Can't find symbol 'eglSetDamageRegionKHR'.
JavaScript error: resource://gre/modules/XULStore.jsm, line 66: Error: Can't find profile directory.
console.warn: SearchSettings: "get: No settings file exists, new profile?" (new Error("", "(unknown module)"))
1605752652565	Marionette	INFO	Listening on port 54148
1605752652708	Marionette	WARN	TLS certificate errors will be ignored for this session
SourceActor threw an exception: [Exception... "Failed to open input source 'javascript:iniciarEncuesta('encuesta')'"  nsresult: "0x80040111 (NS_ERROR_NOT_AVAILABLE)"  location: "JS frame :: resource://devtools/shared/DevToolsUtils.js :: mainThreadFetch/< :: line 668"  data: yes]
Stack: mainThreadFetch/<@resource://devtools/shared/DevToolsUtils.js:668:15
mainThreadFetch@resource://devtools/shared/DevToolsUtils.js:516:10
_fetchURLContents@resource://devtools/server/actors/utils/TabSources.js:440:22
urlContents@resource://devtools/server/actors/utils/TabSources.js:407:17
_resurrectSource@resource://devtools/server/actors/thread.js:2105:69
addAllSources@resource://devtools/server/actors/thread.js:1500:14
onSources@resource://devtools/server/actors/thread.js:1506:10
onPacket@resource://devtools/server/devtools-server-connection.js:379:58
receiveMessage@resource://devtools/shared/transport/child-transport.js:66:16
Line: 668, column: 0
console.error: ({})
JavaScript error: resource://devtools/shared/DevToolsUtils.js, line 668: NS_ERROR_NOT_AVAILABLE: Failed to open input source 'javascript:iniciarEncuesta('encuesta')'
Can't find symbol 'eglSwapBuffersWithDamageEXT'.
Can't find symbol 'eglSetDamageRegionKHR'.
Can't find symbol 'eglSwapBuffersWithDamageEXT'.
Can't find symbol 'eglSetDamageRegionKHR'.
1605760150126	Marionette	INFO	Stopped listening on port 54148

###!!! [Child][RunMessage] Error: Channel closing: too late to send/recv, messages will be lost


###!!! [Child][MessageChannel::SendAndWait] Error: Channel error: cannot send/recv

find symbol 'eglSetDamageRegionKHR'.
JavaScript error: resource://gre/modules/XULStore.jsm, line 66: Error: Can't find profile directory.
console.warn: SearchSettings: "get: No settings file exists, new profile?" (new Error("", "(unknown module)"))
1605753253695	Marionette	INFO	Listening on port 54468
1605753254127	Marionette	WARN	TLS certificate errors will be ignored for this session
SourceActor threw an exception: [Exception... "Failed to open input source 'javascript:iniciarEncuesta('encuesta')'"  nsresult: "0x80040111 (NS_ERROR_NOT_AVAILABLE)"  location: "JS frame :: resource://devtools/shared/DevToolsUtils.js :: mainThreadFetch/< :: line 668"  data: yes]
Stack: mainThreadFetch/<@resource://devtools/shared/DevToolsUtils.js:668:15
mainThreadFetch@resource://devtools/shared/DevToolsUtils.js:516:10
_fetchURLContents@resource://devtools/server/actors/utils/TabSources.js:440:22
urlContents@resource://devtools/server/actors/utils/TabSources.js:407:17
_resurrectSource@resource://devtools/server/actors/thread.js:2105:69
addAllSources@resource://devtools/server/actors/thread.js:1500:14
onSources@resource://devtools/server/actors/thread.js:1506:10
onPacket@resource://devtools/server/devtools-server-connection.js:379:58
receiveMessage@resource://devtools/shared/transport/child-transport.js:66:16
Line: 668, column: 0
console.error: ({})
JavaScript error: resource://devtools/shared/DevToolsUtils.js, line 668: NS_ERROR_NOT_AVAILABLE: Failed to open input source 'javascript:iniciarEncuesta('encuesta')'
JavaScript error: https://ec-ns.sascdn.com/diff/rtb/handler/st.min.html?%7b%22bid%22%3a%22736162298748668703%22%2c%22adomain%22%3a%22mars.com%22%2c%22page%22%3a%221218526%22%2c%22format%22%3a%2289889%22%2c%22crid%22%3a%22310084558%22%2c%22dsp%22%3a%2276%22%2c%22buyer%22%3a%2273274%22%2c%22cid%22%3a%2243271726%22%2c%22adid%22%3a%22310084558%22%2c%22hash%22%3a%22-7832115007201679971%22%7d, line 1: SecurityError: The operation is insecure.
Can't find symbol 'eglSwapBuffersWithDamageEXT'.
Can't find symbol 'eglSetDamageRegionKHR'.
JavaScript error: https://secure-ds.serving-sys.com/BurstingCachedScripts//Disp_3_31_0/ebRichVV.js, line 1: SecurityError: Permission denied to access property "hostname" on cross-origin object
JavaScript error: https://ec-ns.sascdn.com/diff/rtb/handler/st.min.html?%7b%22bid%22%3a%22736725248705881279%22%2c%22adomain%22%3a%22mars.com%22%2c%22page%22%3a%221218526%22%2c%22format%22%3a%2289893%22%2c%22crid%22%3a%22310084558%22%2c%22dsp%22%3a%2276%22%2c%22buyer%22%3a%2273274%22%2c%22cid%22%3a%2243271726%22%2c%22adid%22%3a%22310084558%22%2c%22hash%22%3a%22-7832115007201679971%22%7d, line 1: SecurityError: The operation is insecure.
1605753407505	Marionette	INFO	Stopped listening on port 54468

###!!! [Child][RunMessage] Error: Channel closing: too late to send/recv, messages will be lost


###!!! [Child][MessageChannel::SendAndWait] Error: Channel error: cannot send/recv

\\Local\\Temp\\rust_mozprofileVAr439"
Can't find symbol 'eglSwapBuffersWithDamageEXT'.
Can't find symbol 'eglSetDamageRegionKHR'.
JavaScript error: resource://gre/modules/XULStore.jsm, line 66: Error: Can't find profile directory.
console.warn: SearchSettings: "get: No settings file exists, new profile?" (new Error("", "(unknown module)"))
1605753399053	Marionette	INFO	Listening on port 54778
1605753399402	Marionette	WARN	TLS certificate errors will be ignored for this session
1605753399450	Marionette	ERROR	[18] No reply from Marionette:Register
console.error: Region.jsm: "Error fetching region" (new TypeError("NetworkError when attempting to fetch resource.", ""))
console.error: Region.jsm: "Failed to fetch region" (new Error("NO_RESULT", "resource://gre/modules/Region.jsm", 376))
1605753399628	Marionette	INFO	Stopped listening on port 54778

###!!! [Child][RunMessage] Error: Channel closing: too late to send/recv, messages will be lost


###!!! [Child][MessageChannel::SendAndWait] Error: Channel error: cannot send/recv

1605753411003	geckodriver	INFO	Listening on 127.0.0.1:54807
1605753414041	mozrunner::runner	INFO	Running command: "D:\\Windows\\Program Files\\Mozilla Firefox\\firefox.exe" "--marionette" "-foreground" "-no-remote" "-profile" "C:\\Users\\bioen\\AppData\\Local\\Temp\\rust_mozprofileuPDAec"
Can't find symbol 'eglSwapBuffersWithDamageEXT'.
Can't find symbol 'eglSetDamageRegionKHR'.
JavaScript error: resource://gre/modules/XULStore.jsm, line 66: Error: Can't find profile directory.
console.warn: SearchSettings: "get: No settings file exists, new profile?" (new Error("", "(unknown module)"))
1605753416324	Marionette	INFO	Listening on port 54817
1605753416742	Marionette	WARN	TLS certificate errors will be ignored for this session
1605753472759	Marionette	INFO	Stopped listening on port 54817

###!!! [Child][RunMessage] Error: Channel closing: too late to send/recv, messages will be lost


###!!! [Child][MessageChannel::SendAndWait] Error: Channel error: cannot send/recv

\\Local\\Temp\\rust_mozprofileYJwfyv"
Can't find symbol 'eglSwapBuffersWithDamageEXT'.
Can't find symbol 'eglSetDamageRegionKHR'.
JavaScript error: resource://gre/modules/XULStore.jsm, line 66: Error: Can't find profile directory.
console.warn: SearchSettings: "get: No settings file exists, new profile?" (new Error("", "(unknown module)"))
1605753464977	Marionette	INFO	Listening on port 54882
1605753465404	Marionette	WARN	TLS certificate errors will be ignored for this session
SourceActor threw an exception: [Exception... "Failed to open input source 'javascript:iniciarEncuesta('encuesta')'"  nsresult: "0x80040111 (NS_ERROR_NOT_AVAILABLE)"  location: "JS frame :: resource://devtools/shared/DevToolsUtils.js :: mainThreadFetch/< :: line 668"  data: yes]
Stack: mainThreadFetch/<@resource://devtools/shared/DevToolsUtils.js:668:15
mainThreadFetch@resource://devtools/shared/DevToolsUtils.js:516:10
_fetchURLContents@resource://devtools/server/actors/utils/TabSources.js:440:22
urlContents@resource://devtools/server/actors/utils/TabSources.js:407:17
_resurrectSource@resource://devtools/server/actors/thread.js:2105:69
addAllSources@resource://devtools/server/actors/thread.js:1500:14
onSources@resource://devtools/server/actors/thread.js:1506:10
onPacket@resource://devtools/server/devtools-server-connection.js:379:58
receiveMessage@resource://devtools/shared/transport/child-transport.js:66:16
Line: 668, column: 0
console.error: ({})
JavaScript error: resource://devtools/shared/DevToolsUtils.js, line 668: NS_ERROR_NOT_AVAILABLE: Failed to open input source 'javascript:iniciarEncuesta('encuesta')'
Can't find symbol 'eglSwapBuffersWithDamageEXT'.
Can't find symbol 'eglSetDamageRegionKHR'.
JavaScript error: https://www.xspdf.com/js-css/js/main.js, line 49: TypeError: BasicSlider.slick is not a function
Can't find symbol 'eglSwapBuffersWithDamageEXT'.
Can't find symbol 'eglSetDamageRegionKHR'.
JavaScript error: https://secure-ds.serving-sys.com/BurstingCachedScripts//Disp_3_31_0/ebRichVV.js, line 1: SecurityError: Permission denied to access property "hostname" on cross-origin object
SourceActor threw an exception: [Exception... "Failed to open input source 'javascript:iniciarEncuesta('encuesta')'"  nsresult: "0x80040111 (NS_ERROR_NOT_AVAILABLE)"  location: "JS frame :: resource://devtools/shared/DevToolsUtils.js :: mainThreadFetch/< :: line 668"  data: yes]
Stack: mainThreadFetch/<@resource://devtools/shared/DevToolsUtils.js:668:15
mainThreadFetch@resource://devtools/shared/DevToolsUtils.js:516:10
_fetchURLContents@resource://devtools/server/actors/utils/TabSources.js:440:22
urlContents@resource://devtools/server/actors/utils/TabSources.js:407:17
_resurrectSource@resource://devtools/server/actors/thread.js:2105:69
addAllSources@resource://devtools/server/actors/thread.js:1500:14
onSources@resource://devtools/server/actors/thread.js:1506:10
onPacket@resource://devtools/server/devtools-server-connection.js:379:58
receiveMessage@resource://devtools/shared/transport/child-transport.js:66:16
Line: 668, column: 0
console.error: ({})
JavaScript error: resource://devtools/shared/DevToolsUtils.js, line 668: NS_ERROR_NOT_AVAILABLE: Failed to open input source 'javascript:iniciarEncuesta('encuesta')'
SourceActor threw an exception: [Exception... "Failed to open input source 'javascript:iniciarEncuesta('encuesta')'"  nsresult: "0x80040111 (NS_ERROR_NOT_AVAILABLE)"  location: "JS frame :: resource://devtools/shared/DevToolsUtils.js :: mainThreadFetch/< :: line 668"  data: yes]
Stack: mainThreadFetch/<@resource://devtools/shared/DevToolsUtils.js:668:15
mainThreadFetch@resource://devtools/shared/DevToolsUtils.js:516:10
_fetchURLContents@resource://devtools/server/actors/utils/TabSources.js:440:22
urlContents@resource://devtools/server/actors/utils/TabSources.js:407:17
_resurrectSource@resource://devtools/server/actors/thread.js:2105:69
addAllSources@resource://devtools/server/actors/thread.js:1500:14
onSources@resource://devtools/server/actors/thread.js:1506:10
onPacket@resource://devtools/server/devtools-server-connection.js:379:58
receiveMessage@resource://devtools/shared/transport/child-transport.js:66:16
Line: 668, column: 0
console.error: ({})
JavaScript error: resource://devtools/shared/DevToolsUtils.js, line 668: NS_ERROR_NOT_AVAILABLE: Fai1605760150076	Marionette	INFO	Stopped listening on port 55142

###!!! [Child][RunMessage] Error: Channel closing: too late to send/recv, messages will be lost


###!!! [Child][MessageChannel::SendAndWait] Error: Channel error: cannot send/recv

.com/BurstingCachedScripts/AdBuilderScripts/TweenLite.min.js:13:2962

console.error: "Error writing request: getGrids"
1605760150155	Marionette	INFO	Stopped listening on port 54882

###!!! [Child][RunMessage] Error: Channel closing: too late to send/recv, messages will be lost


###!!! [Child][MessageChannel::SendAndWait] Error: Channel error: cannot send/recv


JavaScript error: resource://gre/modules/XULStore.jsm, line 66: Error: Can't find profile directory.
console.warn: SearchSettings: "get: No settings file exists, new profile?" (new Error("", "(unknown module)"))
1605753912577	Marionette	INFO	Listening on port 55316
1605753912948	Marionette	WARN	TLS certificate errors will be ignored for this session
SourceActor threw an exception: [Exception... "Failed to open input source 'javascript:iniciarEncuesta('encuesta')'"  nsresult: "0x80040111 (NS_ERROR_NOT_AVAILABLE)"  location: "JS frame :: resource://devtools/shared/DevToolsUtils.js :: mainThreadFetch/< :: line 668"  data: yes]
Stack: mainThreadFetch/<@resource://devtools/shared/DevToolsUtils.js:668:15
mainThreadFetch@resource://devtools/shared/DevToolsUtils.js:516:10
_fetchURLContents@resource://devtools/server/actors/utils/TabSources.js:440:22
urlContents@resource://devtools/server/actors/utils/TabSources.js:407:17
_resurrectSource@resource://devtools/server/actors/thread.js:2105:69
addAllSources@resource://devtools/server/actors/thread.js:1500:14
onSources@resource://devtools/server/actors/thread.js:1506:10
onPacket@resource://devtools/server/devtools-server-connection.js:379:58
receiveMessage@resource://devtools/shared/transport/child-transport.js:66:16
Line: 668, column: 0
console.error: ({})
JavaScript error: resource://devtools/shared/DevToolsUtils.js, line 668: NS_ERROR_NOT_AVAILABLE: Failed to open input source 'javascript:iniciarEncuesta('encuesta')'
JavaScript error: resource://gre/modules/BrowserUtils.jsm, line 534: TypeError: selection is null
JavaScript error: https://chercher.tech/vendor/jquery/index8.js, line 28: TypeError: search is null
JavaScript error: , line 0: SyntaxError: JSON.parse: unexpected end of data at line 1 column 1 of the JSON data
JavaScript error: https://chercher.tech/vendor/bootstrap/js/bootstrap.min.js, line 6: Error: Bootstrap dropdown require Popper.js (https://popper.js.org)
JavaScript error: https://chercher.tech/js/index9.js, line 1: SyntaxError: redeclaration of const endpoint
JavaScript error: https://chercher.tech/styles/prism1.js, line 2: TypeError: document.getElementById(...) is null
Can't find symbol 'eglSwapBuffersWithDamageEXT'.
Can't find symbol 'eglSetDamageRegionKHR'.
Can't find symbol 'eglSwapBuffersWithDamageEXT'.
Can't find symbol 'eglSetDamageRegionKHR'.
JavaScript error: https://www.gstatic.com/mysidia/e204992edf0c63ea960c1d323c170531.js?tag=video_mra/hulk_v3, line 255: SecurityError: The operation is insecure.
JavaScript error: https://ec-ns.sascdn.com/diff/rtb/handler/st.min.html?%7b%22bid%22%3a%22737851148663484257%22%2c%22adomain%22%3a%22mars.com%22%2c%22page%22%3a%221218526%22%2c%22format%22%3a%2289893%22%2c%22crid%22%3a%22310084558%22%2c%22dsp%22%3a%2276%22%2c%22buyer%22%3a%2273274%22%2c%22cid%22%3a%2243271726%22%2c%22adid%22%3a%22310084558%22%2c%22hash%22%3a%22-7832115007201679971%22%7d, line 1: SecurityError: The operation is insecure.
JavaScript error: https://secure-ds.serving-sys.com/BurstingCachedScripts//Disp_3_31_0/ebRichVV.js, line 1: SecurityError: Permission denied to access property "hostname" on cross-origin object
JavaScript error: https://tpc.googlesyndication.com/sadbundle/$csp%3Der3$/3420962431977914368/index.html#t=5357698256811695894&p=https%3A%2F%2Fda19c414fda0270085c4e8f468da91df.safeframe.googlesyndication.com, line 288: TypeError: studio.Enabler is undefined
JavaScript error: https://secure-ds.serving-sys.com/BurstingCachedScripts//Disp_3_31_0/ebRichVV.js, line 1: SecurityError: Permission denied to access property "hostname" on cross-origin object
JavaScript warning: https://live.sekindo.com/live/liveVideo.php?vpaidManager=sekindo&s=58057&ri=6C69766553746174737C736B317B54307D7B64323032302D31312D31395F30347D7B7331323334383232387D7B4336337D7B53643364334C6D6431636E55354F53356A6232303D7D7B6266697265666F787D7B716465736B746F707D7B6F77696E646F77737D7B583732387D7B5939307D7B66317D7B4C353332387DFEFE&userIpAddr=177.247.107.254&userUA=Mozilla%2F5.0+%28Windows+NT+10.0%3B+Win64%3B+x64%3B+rv%3A83.0%29+Gecko%2F20100101+Firefox%2F83.0&debugInformation=&isWePassGdpr=1&noViewableMidrollPolicy=vary&isDoublePreroll=1&autoSkipVideoSec=20&c2pWaitTime=10&csuuid=5fb5dd3566ec1&debugInfo=12348228_&debugPlayerSession=&pubUrlDEMO=&sta=12348228&showLogo=0&clkUrl=&plMult=-1&schedule=eyJwcmVfcm9sbCI6MSwibWlkX3JvbGwiOltdLCJnYXAiOiJhdXRvIn0%3D&content=plembed12b3qxrghkvt&secondaryContent=&x=728&y=90&pubUrl=https%3A%2F%2Fwww.guru99.com%2Fcheckbox-and-radio-button-webdriver.html%237&contentNum=1&flow_closeBtn=1&flowCloseTimeout=0&flow_closeButtonPosition=right&flow_direction=br&flow_horizontalOffset=10&flow_bottomOffset=10&impGap=2&flow_width=402&flow_height=229&videoType=flow&gdpr=0&gdprConsent=&contentFeedId=&geoLati=19.297&geoLong=-99.6664&vpTemplate=5328&flowMode=below&isRealPreroll=0&playerApiId=&isApp=0&ccpa=0&ccpaConsent=, line 378: Script terminated by timeout at:
t@https://live.sekindo.com/live/liveVideo.php?vpaidManager=sekindo&s=58057&ri=6C69766553746174737C736B317B54307D7B64323032302D31312D31395F30347D7B7331323334383232387D7B4336337D7B53643364334C6D6431636E55354F53356A6232303D7D7B6266697265666F787D7B716465736B746F707D7B6F77696E646F77737D7B583732387D7B5939307D7B66317D7B4C353332387DFEFE&userIpAddr=177.247.107.254&userUA=Mozilla%2F5.0+%28Windows+NT+10.0%3B+Win64%3B+x64%3B+rv%3A83.0%29+Gecko%2F20100101+Firefox%2F83.0&debugInformation=&isWePassGdpr=1&noViewableMidrollPolicy=vary&isDoublePreroll=1&autoSkipVideoSec=20&c2pWaitTime=10&csuuid=5fb5dd3566ec1&debugInfo=12348228_&debugPlayerSession=&pubUrlDEMO=&sta=12348228&showLogo=0&clkUrl=&plMult=-1&schedule=eyJwcmVfcm9sbCI6MSwibWlkX3JvbGwiOltdLCJnYXAiOiJhdXRvIn0%3D&content=plembed12b3qxrghkvt&secondaryContent=&x=728&y=90&pubUrl=https%3A%2F%2Fwww.guru99.com%2Fcheckbox-and-radio-button-webdriver.html%237&contentNum=1&flow_closeBtn=1&flowCloseTimeout=0&flow_closeButtonPosition=right&flow_direction=br&flow_horizontalOffset=10&flow_bottomOffset=10&impGap=2&flow_width=402&flow_height=229&videoType=flow&gdpr=0&gdprConsent=&contentFeedId=&geoLati=19.297&geoLong=-99.6664&vpTemplate=5328&flowMode=below&isRealPreroll=0&playerApiId=&isApp=0&ccpa=0&ccpaConsent=:378:2314

JavaScript error: resource://gre/actors/PictureInPictureChild.jsm, line 280: InvalidStateError: An attempt was made to use an object that is not, or is no longer, usable
JavaScript error: https://secure-ds.serving-sys.com/BurstingCachedScripts//Disp_3_31_0/ebRichVV.js, line 1: NS_ERROR_FAILURE: 
Can't find symbol 'eglSwapBuffersWithDamageEXT'.
Can't find symbol 'eglSetDamageRegionKHR'.
JavaScript error: https://www.gstatic.com/mysidia/8a746531a23ab922b1f3a00cb070f518.js?tag=video_mra/web_fig_och, line 166: SecurityError: The operation is insecure.
JavaScript error: https://s0.2mdn.net/9391797/1605014698866/BF_300X250_PH/index.html, line 152: TypeError: a.a is null
JavaScript error: https://s0.2mdn.net/9391797/1605014698866/BF_300X250_PH/index.html, line 166: TypeError: this.a is null
1605755784744	Marionette	INFO	Stopped listening on port 55316

###!!! [Child][RunMessage] Error: Channel closing: too late to send/recv, messages will be lost


###!!! [Child][MessageChannel::SendAndWait] Error: Channel error: cannot send/recv

\\Local\\Temp\\rust_mozprofileAcByVj"
Can't find symbol 'eglSwapBuffersWithDamageEXT'.
Can't find symbol 'eglSetDamageRegionKHR'.
JavaScript error: resource://gre/modules/XULStore.jsm, line 66: Error: Can't find profile directory.
console.warn: SearchSettings: "get: No settings file exists, new profile?" (new Error("", "(unknown module)"))
1605755241263	Marionette	INFO	Listening on port 56124
1605755241586	Marionette	WARN	TLS certificate errors will be ignored for this session
1605755244073	Marionette	INFO	Stopped listening on port 56124

###!!! [Child][RunMessage] Error: Channel closing: too late to send/recv, messages will be lost


###!!! [Child][MessageChannel::SendAndWait] Error: Channel error: cannot send/recv

1605755249795	geckodriver	INFO	Listening on 127.0.0.1:56165
1605755252869	mozrunner::runner	INFO	Running command: "D:\\Windows\\Program Files\\Mozilla Firefox\\firefox.exe" "--marionette" "-foreground" "-no-remote" "-profile" "C:\\Users\\bioen\\AppData\\Local\\Temp\\rust_mozprofileh6Q325"
Can't find symbol 'eglSwapBuffersWithDamageEXT'.
Can't find symbol 'eglSetDamageRegionKHR'.
JavaScript error: resource://gre/modules/XULStore.jsm, line 66: Error: Can't find profile directory.
console.warn: SearchSettings: "get: No settings file exists, new profile?" (new Error("", "(unknown module)"))
1605755255168	Marionette	INFO	Listening on port 56173
1605755255565	Marionette	WARN	TLS certificate errors will be ignored for this session
1605760149529	Marionette	INFO	Stopped listening on port 56173

###!!! [Child][RunMessage] Error: Channel closing: too late to send/recv, messages will be lost


###!!! [Child][RunMessage] Error: Channel closing: too late to send/recv, messages will be lost


###!!! [Child][MessageChannel::SendAndWait] Error: Channel error: cannot send/recv

mbol 'eglSetDamageRegionKHR'.
JavaScript error: resource://gre/modules/XULStore.jsm, line 66: Error: Can't find profile directory.
console.warn: SearchSettings: "get: No settings file exists, new profile?" (new Error("", "(unknown module)"))
1605755935877	Marionette	INFO	Listening on port 56586
1605755936241	Marionette	WARN	TLS certificate errors will be ignored for this session
1605760149646	Marionette	INFO	Stopped listening on port 56586

###!!! [Child][RunMessage] Error: Channel closing: too late to send/recv, messages will be lost


###!!! [Child][MessageChannel::SendAndWait] Error: Channel error: cannot send/recv

\\Local\\Temp\\rust_mozprofileIKgAtB"
Can't find symbol 'eglSwapBuffersWithDamageEXT'.
Can't find symbol 'eglSetDamageRegionKHR'.
JavaScript error: resource://gre/modules/XULStore.jsm, line 66: Error: Can't find profile directory.
console.warn: SearchSettings: "get: No settings file exists, new profile?" (new Error("", "(unknown module)"))
1605757220869	Marionette	INFO	Listening on port 56921
1605757221158	Marionette	WARN	TLS certificate errors will be ignored for this session
SourceActor threw an exception: [Exception... "Failed to open input source 'javascript:iniciarEncuesta('encuesta')'"  nsresult: "0x80040111 (NS_ERROR_NOT_AVAILABLE)"  location: "JS frame :: resource://devtools/shared/DevToolsUtils.js :: mainThreadFetch/< :: line 668"  data: yes]
Stack: mainThreadFetch/<@resource://devtools/shared/DevToolsUtils.js:668:15
mainThreadFetch@resource://devtools/shared/DevToolsUtils.js:516:10
_fetchURLContents@resource://devtools/server/actors/utils/TabSources.js:440:22
urlContents@resource://devtools/server/actors/utils/TabSources.js:407:17
_resurrectSource@resource://devtools/server/actors/thread.js:2105:69
addAllSources@resource://devtools/server/actors/thread.js:1500:14
onSources@resource://devtools/server/actors/thread.js:1506:10
onPacket@resource://devtools/server/devtools-server-connection.js:379:58
receiveMessage@resource://devtools/shared/transport/child-transport.js:66:16
Line: 668, column: 0
console.error: ({})
JavaScript error: resource://devtools/shared/DevToolsUtils.js, line 668: NS_ERROR_NOT_AVAILABLE: Failed to open input source 'javascript:iniciarEncuesta('encuesta')'
Can't find symbol 'eglSwapBuffersWithDamageEXT'.
Can't find symbol 'eglSetDamageRegionKHR'.
1605760149806	Marionette	INFO	Stopped listening on port 56921

###!!! [Child][MessageChannel::SendAndWait] Error: Channel error: cannot send/recv

Firefox\\firefox.exe" "--marionette" "-foreground" "-no-remote" "-profile" "C:\\Users\\bioen\\AppData\\Local\\Temp\\rust_mozprofileW8tMpI"
Can't find symbol 'eglSwapBuffersWithDamageEXT'.
Can't find symbol 'eglSetDamageRegionKHR'.
JavaScript error: resource://gre/modules/XULStore.jsm, line 66: Error: Can't find profile directory.
console.warn: SearchSettings: "get: No settings file exists, new profile?" (new Error("", "(unknown module)"))
1605757594658	Marionette	INFO	Listening on port 57132
1605757594796	Marionette	WARN	TLS certificate errors will be ignored for this session
Marionette threw an error: TypeError: driver.dialogObserver is null
waitForNavigationCompleted/<@chrome://marionette/content/navigate.js:364:5

SourceActor threw an exception: [Exception... "Failed to open input source 'javascript:iniciarEncuesta('encuesta')'"  nsresult: "0x80040111 (NS_ERROR_NOT_AVAILABLE)"  location: "JS frame :: resource://devtools/shared/DevToolsUtils.js :: mainThreadFetch/< :: line 668"  data: yes]
Stack: mainThreadFetch/<@resource://devtools/shared/DevToolsUtils.js:668:15
mainThreadFetch@resource://devtools/shared/DevToolsUtils.js:516:10
_fetchURLContents@resource://devtools/server/actors/utils/TabSources.js:440:22
urlContents@resource://devtools/server/actors/utils/TabSources.js:407:17
_resurrectSource@resource://devtools/server/actors/thread.js:2105:69
addAllSources@resource://devtools/server/actors/thread.js:1500:14
onSources@resource://devtools/server/actors/thread.js:1506:10
onPacket@resource://devtools/server/devtools-server-connection.js:379:58
receiveMessage@resource://devtools/shared/transport/child-transport.js:66:16
Line: 668, column: 0
console.error: ({})
JavaScript error: resource://devtools/shared/DevToolsUtils.js, line 668: NS_ERROR_NOT_AVAILABLE: Failed to open input source 'javascript:iniciarEncuesta('encuesta')'
1605760149758	Marionette	INFO	Stopped listening on port 57132

###!!! [Child][MessageChannel::SendAndWait] Error: Channel error: cannot send/recv

Firefox\\firefox.exe" "--marionette" "-foreground" "-no-remote" "-profile" "C:\\Users\\bioen\\AppData\\Local\\Temp\\rust_mozprofilerilN4g"
Can't find symbol 'eglSwapBuffersWithDamageEXT'.
Can't find symbol 'eglSetDamageRegionKHR'.
JavaScript error: resource://gre/modules/XULStore.jsm, line 66: Error: Can't find profile directory.
console.warn: SearchSettings: "get: No settings file exists, new profile?" (new Error("", "(unknown module)"))
1605757919823	Marionette	INFO	Listening on port 57263
1605757920036	Marionette	WARN	TLS certificate errors will be ignored for this session
1605760149402	Marionette	INFO	Stopped listening on port 57263

###!!! [Child][RunMessage] Error: Channel closing: too late to send/recv, messages will be lost


###!!! [Child][MessageChannel::SendAndWait] Error: Channel error: cannot send/recv

\\Local\\Temp\\rust_mozprofilenHYTiD"
Can't find symbol 'eglSwapBuffersWithDamageEXT'.
Can't find symbol 'eglSetDamageRegionKHR'.
JavaScript error: resource://gre/modules/XULStore.jsm, line 66: Error: Can't find profile directory.
console.warn: SearchSettings: "get: No settings file exists, new profile?" (new Error("", "(unknown module)"))
1605757968232	Marionette	INFO	Listening on port 57325
1605757968331	Marionette	WARN	TLS certificate errors will be ignored for this session
1605758003856	Marionette	INFO	Stopped listening on port 57325

###!!! [Child][RunMessage] Error: Channel closing: too late to send/recv, messages will be lost


###!!! [Child][MessageChannel::SendAndWait] Error: Channel error: cannot send/recv

1605758014069	geckodriver	INFO	Listening on 127.0.0.1:57375
1605758017136	mozrunner::runner	INFO	Running command: "D:\\Windows\\Program Files\\Mozilla Firefox\\firefox.exe" "--marionette" "-foreground" "-no-remote" "-profile" "C:\\Users\\bioen\\AppData\\Local\\Temp\\rust_mozprofilet1oHoa"
Can't find symbol 'eglSwapBuffersWithDamageEXT'.
Can't find symbol 'eglSetDamageRegionKHR'.
JavaScript error: resource://gre/modules/XULStore.jsm, line 66: Error: Can't find profile directory.
console.warn: SearchSettings: "get: No settings file exists, new profile?" (new Error("", "(unknown module)"))
1605758019609	Marionette	INFO	Listening on port 57383
1605758019835	Marionette	WARN	TLS certificate errors will be ignored for this session
SourceActor threw an exception: [Exception... "Failed to open input source 'javascript:iniciarEncuesta('encuesta')'"  nsresult: "0x80040111 (NS_ERROR_NOT_AVAILABLE)"  location: "JS frame :: resource://devtools/shared/DevToolsUtils.js :: mainThreadFetch/< :: line 668"  data: yes]
Stack: mainThreadFetch/<@resource://devtools/shared/DevToolsUtils.js:668:15
mainThreadFetch@resource://devtools/shared/DevToolsUtils.js:516:10
_fetchURLContents@resource://devtools/server/actors/utils/TabSources.js:440:22
urlContents@resource://devtools/server/actors/utils/TabSources.js:407:17
_resurrectSource@resource://devtools/server/actors/thread.js:2105:69
addAllSources@resource://devtools/server/actors/thread.js:1500:14
onSources@resource://devtools/server/actors/thread.js:1506:10
onPacket@resource://devtools/server/devtools-server-connection.js:379:58
receiveMessage@resource://devtools/shared/transport/child-transport.js:66:16
Line: 668, column: 0
console.error: ({})
JavaScript error: resource://devtools/shared/DevToolsUtils.js, line 668: NS_ERROR_NOT_AVAILABLE: Failed to open input source 'javascript:iniciarEncuesta('encuesta')'
SourceActor threw an exception: [Exception... "Failed to open input source 'javascript:iniciarEncuesta('encuesta')'"  nsresult: "0x80040111 (NS_ERROR_NOT_AVAILABLE)"  location: "JS frame :: resource://devtools/shared/DevToolsUtils.js :: mainThreadFetch/< :: line 668"  data: yes]
Stack: mainThreadFetch/<@resource://devtools/shared/DevToolsUtils.js:668:15
mainThreadFetch@resource://devtools/shared/DevToolsUtils.js:516:10
_fetchURLContents@resource://devtools/server/actors/utils/TabSources.js:440:22
urlContents@resource://devtools/server/actors/utils/TabSources.js:407:17
_resurrectSource@resource://devtools/server/actors/thread.js:2105:69
addAllSources@resource://devtools/server/actors/thread.js:1500:14
onSources@resource://devtools/server/actors/thread.js:1506:10
onPacket@resource://devtools/server/devtools-server-connection.js:379:58
receiveMessage@resource://devtools/shared/transport/child-transport.js:66:16
Line: 668, column: 0
console.error: ({})
JavaScript error: resource://devtools/shared/DevToolsUtils.js, line 668: NS_ERROR_NOT_AVAILABLE: Failed to open input source 'javascript:iniciarEncuesta('encuesta')'
SourceActor threw an exception: [Exception... "Failed to open input source 'javascript:iniciarEncuesta('encuesta')'"  nsresult: "0x80040111 (NS_ERROR_NOT_AVAILABLE)"  location: "JS frame :: resource://devtools/shared/DevToolsUtils.js :: mainThreadFetch/< :: line 668"  data: yes]
Stack: mainThreadFetch/<@resource://devtools/shared/DevToolsUtils.js:668:15
mainThreadFetch@resource://devtools/shared/DevToolsUtils.js:516:10
_fetchURLContents@resource://devtools/server/actors/utils/TabSources.js:440:22
urlContents@resource://devtools/server/actors/utils/TabSources.js:407:17
_resurrectSource@resource://devtools/server/actors/thread.js:2105:69
addAllSources@resource://devtools/server/actors/thread.js:1500:14
onSources@resource://devtools/server/actors/thread.js:1506:10
onPacket@resource://devtools/server/devtools-server-connection.js:379:58
receiveMessage@resource://devtools/shared/transport/child-transport.js:66:16
Line: 668, column: 0
console.error: ({})
JavaScript error: resource://devtools/shared/DevToolsUtils.js, line 668: NS_ERROR_NOT_AVAILABLE: Failed to open input source 'javascript:iniciarEncuesta('encuesta')'
JavaScript error: https://www.selenium.dev/selenium/docs/api/java/jquery/jszip/dist/jszip.js, line 1029: Error: The constructor with parameters has been removed in JSZip 3.0, please check the upgrade guide.
JavaScript error: https://www.selenium.dev/selenium/docs/api/java/jquery/jszip/dist/jszip.js, line 1029: Error: The constructor with parameters has been removed in JSZip 3.0, please check the upgrade guide.
JavaScript error: https://www.selenium.dev/selenium/docs/api/java/jquery/jszip/dist/jszip.js, line 1029: Error: The constructor with parameters has been removed in JSZip 3.0, please check the upgrade guide.
Can't find symbol 'eglSwapBuffersWithDamageEXT'.
Can't find symbol 'eglSetDamageRegionKHR'.
JavaScript error: https://www.selenium.dev/selenium/docs/api/java/jquery/jszip/dist/jszip.js, line 1029: Error: The constructor with parameters has been removed in JSZip 3.0, please check the upgrade guide.
JavaScript error: https://www.selenium.dev/selenium/docs/api/java/jquery/jszip/dist/jszip.js, line 1029: Error: The constructor with parameters has been removed in JSZip 3.0, please check the upgrade guide.
JavaScript error: https://www.selenium.dev/selenium/docs/api/java/jquery/jszip/dist/jszip.js, line 1029: Error: The constructor with parameters has been removed in JSZip 3.0, please check the upgrade guide.
SourceActor threw an exception: [Exception... "Failed to open input source 'javascript:iniciarEncuesta('encuesta')'"  nsresult: "0x80040111 (NS_ERROR_NOT_AVAILABLE)"  location: "JS frame :: resource://devtools/shared/DevToolsUtils.js :: mainThreadFetch/< :: line 668"  data: yes]
Stack: mainThreadFetch/<@resource://devtools/shared/DevToolsUtils.js:668:15
mainThreadFetch@resource://devtools/shared/DevToolsUtils.js:516:10
_fetchURLContents@resource://devtools/server/actors/utils/TabSources.js:440:22
urlContents@resource://devtools/server/actors/utils/TabSources.js:407:17
_resurrectSource@resource://devtools/server/actors/thread.js:2105:69
addAllSources@resource://devtools/server/actors/thread.js:1500:14
onSources@resource://devtools/server/actors/thread.js:1506:10
onPacket@resource://devtools/server/devtools-server-connection.js:379:58
receiveMessage@resource://devtools/shared/transport/child-transport.js:66:16
Line: 668, column: 0
console.error: ({})
JavaScript error: resource://devtools/shared/DevToolsUtils.js, line 668: NS_ERROR_NOT_AVAILABLE: Failed to open input source 'javascript:iniciarEncuesta('encuesta')'
1605760149477	Marionette	INFO	Stopped listening on port 57383

###!!! [Child][RunMessage] Error: Channel closing: too late to send/recv, messages will be lost


###!!! [Child][MessageChannel::SendAndWait] Error: Channel error: cannot send/recv

\\Local\\Temp\\rust_mozprofilelgekj1"
Can't find symbol 'eglSwapBuffersWithDamageEXT'.
Can't find symbol 'eglSetDamageRegionKHR'.
JavaScript error: resource://gre/modules/XULStore.jsm, line 66: Error: Can't find profile directory.
console.warn: SearchSettings: "get: No settings file exists, new profile?" (new Error("", "(unknown module)"))
1605758756980	Marionette	INFO	Listening on port 57681
1605758757197	Marionette	WARN	TLS certificate errors will be ignored for this session
SourceActor threw an exception: [Exception... "Failed to open input source 'javascript:iniciarEncuesta('encuesta')'"  nsresult: "0x80040111 (NS_ERROR_NOT_AVAILABLE)"  location: "JS frame :: resource://devtools/shared/DevToolsUtils.js :: mainThreadFetch/< :: line 668"  data: yes]
Stack: mainThreadFetch/<@resource://devtools/shared/DevToolsUtils.js:668:15
mainThreadFetch@resource://devtools/shared/DevToolsUtils.js:516:10
_fetchURLContents@resource://devtools/server/actors/utils/TabSources.js:440:22
urlContents@resource://devtools/server/actors/utils/TabSources.js:407:17
_resurrectSource@resource://devtools/server/actors/thread.js:2105:69
addAllSources@resource://devtools/server/actors/thread.js:1500:14
onSources@resource://devtools/server/actors/thread.js:1506:10
onPacket@resource://devtools/server/devtools-server-connection.js:379:58
receiveMessage@resource://devtools/shared/transport/child-transport.js:66:16
Line: 668, column: 0
console.error: ({})
JavaScript error: resource://devtools/shared/DevToolsUtils.js, line 668: NS_ERROR_NOT_AVAILABLE: Failed to open input source 'javascript:iniciarEncuesta('encuesta')'
JavaScript error: https://cdn.snigelweb.com/pub/w3schools.com/20200508/snhb-w3schools.com.min.js?202011101058, line 127: TypeError: f.loadGlobalSettings is undefined
JavaScript error: https://www.gstatic.com/mysidia/8a746531a23ab922b1f3a00cb070f518.js?tag=video_mra/web_fig_och, line 166: SecurityError: The operation is insecure.
Can't find symbol 'eglSwapBuffersWithDamageEXT'.
Can't find symbol 'eglSetDamageRegionKHR'.
Can't find symbol 'eglSwapBuffersWithDamageEXT'.
Can't find symbol 'eglSetDamageRegionKHR'.
1605760149606	Marionette	INFO	Stopped listening on port 57681

###!!! [Child][MessageChannel::SendAndWait] Error: Channel error: cannot send/recv

AppData\\Local\\Temp\\rust_mozprofileVBvn7Y"
Can't find symbol 'eglSwapBuffersWithDamageEXT'.
Can't find symbol 'eglSetDamageRegionKHR'.
JavaScript error: resource://gre/modules/XULStore.jsm, line 66: Error: Can't find profile directory.
console.warn: SearchSettings: "get: No settings file exists, new profile?" (new Error("", "(unknown module)"))
1605759263815	Marionette	INFO	Listening on port 58090
1605759264033	Marionette	WARN	TLS certificate errors will be ignored for this session
1605760149535	Marionette	INFO	Stopped listening on port 58090

###!!! [Child][MessageChannel::SendAndWait] Error: Channel error: cannot send/recv

Firefox\\firefox.exe" "--marionette" "-foreground" "-no-remote" "-profile" "C:\\Users\\bioen\\AppData\\Local\\Temp\\rust_mozprofileNjv6qT"
Can't find symbol 'eglSwapBuffersWithDamageEXT'.
Can't find symbol 'eglSetDamageRegionKHR'.
JavaScript error: resource://gre/modules/XULStore.jsm, line 66: Error: Can't find profile directory.
console.warn: SearchSettings: "get: No settings file exists, new profile?" (new Error("", "(unknown module)"))
1605759524891	Marionette	INFO	Listening on port 58250
1605759525019	Marionette	WARN	TLS certificate errors will be ignored for this session
SourceActor threw an exception: [Exception... "Failed to open input source 'javascript:iniciarEncuesta('encuesta')'"  nsresult: "0x80040111 (NS_ERROR_NOT_AVAILABLE)"  location: "JS frame :: resource://devtools/shared/DevToolsUtils.js :: mainThreadFetch/< :: line 668"  data: yes]
Stack: mainThreadFetch/<@resource://devtools/shared/DevToolsUtils.js:668:15
mainThreadFetch@resource://devtools/shared/DevToolsUtils.js:516:10
_fetchURLContents@resource://devtools/server/actors/utils/TabSources.js:440:22
urlContents@resource://devtools/server/actors/utils/TabSources.js:407:17
_resurrectSource@resource://devtools/server/actors/thread.js:2105:69
addAllSources@resource://devtools/server/actors/thread.js:1500:14
onSources@resource://devtools/server/actors/thread.js:1506:10
onPacket@resource://devtools/server/devtools-server-connection.js:379:58
receiveMessage@resource://devtools/shared/transport/child-transport.js:66:16
Line: 668, column: 0
console.error: ({})
JavaScript error: resource://devtools/shared/DevToolsUtils.js, line 668: NS_ERROR_NOT_AVAILABLE: Failed to open input source 'javascript:iniciarEncuesta('encuesta')'
1605760149638	Marionette	INFO	Stopped listening on port 58250

###!!! [Child][MessageChannel::SendAndWait] Error: Channel error: cannot send/recv

Firefox\\firefox.exe" "--marionette" "-foreground" "-no-remote" "-profile" "C:\\Users\\bioen\\AppData\\Local\\Temp\\rust_mozprofile8LKoRS"
Can't find symbol 'eglSwapBuffersWithDamageEXT'.
Can't find symbol 'eglSetDamageRegionKHR'.
JavaScript error: resource://gre/modules/XULStore.jsm, line 66: Error: Can't find profile directory.
console.warn: SearchSettings: "get: No settings file exists, new profile?" (new Error("", "(unknown module)"))
console.error: Region.jsm: "Error fetching region" (new TypeError("NetworkError when attempting to fetch resource.", ""))
console.error: Region.jsm: "Failed to fetch region" (new Error("NO_RESULT", "resource://gre/modules/Region.jsm", 376))
1605760045694	Marionette	INFO	Listening on port 63495
1605760045927	Marionette	WARN	TLS certificate errors will be ignored for this session
1605760149195	Marionette	INFO	Stopped listening on port 63495

###!!! [Child][MessageChannel::SendAndWait] Error: Channel error: cannot send/recv

1605760155124	geckodriver	INFO	Listening on 127.0.0.1:54949
1605760158192	mozrunner::runner	INFO	Running command: "D:\\Windows\\Program Files\\Mozilla Firefox\\firefox.exe" "--marionette" "-foreground" "-no-remote" "-profile" "C:\\Users\\bioen\\AppData\\Local\\Temp\\rust_mozprofileH1AwyK"
Can't find symbol 'eglSwapBuffersWithDamageEXT'.
Can't find symbol 'eglSetDamageRegionKHR'.
JavaScript error: resource://gre/modules/XULStore.jsm, line 66: Error: Can't find profile directory.
console.warn: SearchSettings: "get: No settings file exists, new profile?" (new Error("", "(unknown module)"))
1605760160480	Marionette	INFO	Listening on port 54957
1605760160860	Marionette	WARN	TLS certificate errors will be ignored for this session
1605760849563	Marionette	INFO	Stopped listening on port 54957

###!!! [Child][RunMessage] Error: Channel closing: too late to send/recv, messages will be lost


###!!! [Child][MessageChannel::SendAndWait] Error: Channel error: cannot send/recv

\\Local\\Temp\\rust_mozprofile0bbyxC"
Can't find symbol 'eglSwapBuffersWithDamageEXT'.
Can't find symbol 'eglSetDamageRegionKHR'.
JavaScript error: resource://gre/modules/XULStore.jsm, line 66: Error: Can't find profile directory.
console.warn: SearchSettings: "get: No settings file exists, new profile?" (new Error("", "(unknown module)"))
1605760370247	Marionette	INFO	Listening on port 55068
1605760370681	Marionette	WARN	TLS certificate errors will be ignored for this session
1605760846540	Marionette	INFO	Stopped listening on port 55068

###!!! [Child][RunMessage] Error: Channel closing: too late to send/recv, messages will be lost


###!!! [Child][MessageChannel::SendAndWait] Error: Channel error: cannot send/recv

\\Local\\Temp\\rust_mozprofilePC0AVb"
Can't find symbol 'eglSwapBuffersWithDamageEXT'.
Can't find symbol 'eglSetDamageRegionKHR'.
JavaScript error: resource://gre/modules/XULStore.jsm, line 66: Error: Can't find profile directory.
console.warn: SearchSettings: "get: No settings file exists, new profile?" (new Error("", "(unknown module)"))
1605760431233	Marionette	INFO	Listening on port 55131
1605760431580	Marionette	WARN	TLS certificate errors will be ignored for this session
SourceActor threw an exception: [Exception... "Failed to open input source 'javascript:iniciarEncuesta('encuesta')'"  nsresult: "0x80040111 (NS_ERROR_NOT_AVAILABLE)"  location: "JS frame :: resource://devtools/shared/DevToolsUtils.js :: mainThreadFetch/< :: line 668"  data: yes]
Stack: mainThreadFetch/<@resource://devtools/shared/DevToolsUtils.js:668:15
mainThreadFetch@resource://devtools/shared/DevToolsUtils.js:516:10
_fetchURLContents@resource://devtools/server/actors/utils/TabSources.js:440:22
urlContents@resource://devtools/server/actors/utils/TabSources.js:407:17
_resurrectSource@resource://devtools/server/actors/thread.js:2105:69
addAllSources@resource://devtools/server/actors/thread.js:1500:14
onSources@resource://devtools/server/actors/thread.js:1506:10
onPacket@resource://devtools/server/devtools-server-connection.js:379:58
receiveMessage@resource://devtools/shared/transport/child-transport.js:66:16
Line: 668, column: 0
console.error: ({})
JavaScript error: resource://devtools/shared/DevToolsUtils.js, line 668: NS_ERROR_NOT_AVAILABLE: Failed to open input source 'javascript:iniciarEncuesta('encuesta')'
1605760845735	Marionette	INFO	Stopped listening on port 55131

###!!! [Child][RunMessage] Error: Channel closing: too late to send/recv, messages will be lost


###!!! [Child][MessageChannel::SendAndWait] Error: Channel error: cannot send/recv

\\Local\\Temp\\rust_mozprofileMy9tbW"
Can't find symbol 'eglSwapBuffersWithDamageEXT'.
Can't find symbol 'eglSetDamageRegionKHR'.
JavaScript error: resource://gre/modules/XULStore.jsm, line 66: Error: Can't find profile directory.
console.warn: SearchSettings: "get: No settings file exists, new profile?" (new Error("", "(unknown module)"))
1605760645573	Marionette	INFO	Listening on port 55219
1605760645924	Marionette	WARN	TLS certificate errors will be ignored for this session
1605760844691	Marionette	INFO	Stopped listening on port 55219

###!!! [Child][MessageChannel::SendAndWait] Error: Channel error: cannot send/recv

Firefox\\firefox.exe" "--marionette" "-foreground" "-no-remote" "-profile" "C:\\Users\\bioen\\AppData\\Local\\Temp\\rust_mozprofileUoZPUJ"
Can't find symbol 'eglSwapBuffersWithDamageEXT'.
Can't find symbol 'eglSetDamageRegionKHR'.
JavaScript error: resource://gre/modules/XULStore.jsm, line 66: Error: Can't find profile directory.
console.warn: SearchSettings: "get: No settings file exists, new profile?" (new Error("", "(unknown module)"))
1605760681139	Marionette	INFO	Listening on port 55281
1605760681492	Marionette	WARN	TLS certificate errors will be ignored for this session
1605760843747	Marionette	INFO	Stopped listening on port 55281

###!!! [Child][RunMessage] Error: Channel closing: too late to send/recv, messages will be lost


###!!! [Child][MessageChannel::SendAndWait] Error: Channel error: cannot send/recv

\\Local\\Temp\\rust_mozprofileIiOYA1"
Can't find symbol 'eglSwapBuffersWithDamageEXT'.
Can't find symbol 'eglSetDamageRegionKHR'.
JavaScript error: resource://gre/modules/XULStore.jsm, line 66: Error: Can't find profile directory.
console.warn: SearchSettings: "get: No settings file exists, new profile?" (new Error("", "(unknown module)"))
1605760804720	Marionette	INFO	Listening on port 55361
1605760804946	Marionette	WARN	TLS certificate errors will be ignored for this session
1605760833132	geckodriver	INFO	Listening on 127.0.0.1:55407
1605760836210	mozrunner::runner	INFO	Running command: "D:\\Windows\\Program Files\\Mozilla Firefox\\firefox.exe" "--marionette" "-foreground" "-no-remote" "-profile" "C:\\Users\\bioen\\AppData\\Local\\Temp\\rust_mozprofile6AJCgI"
Can't find symbol 'eglSwapBuffersWithDamageEXT'.
Can't find symbol 'eglSetDamageRegionKHR'.
JavaScript error: resource://gre/modules/XULStore.jsm, line 66: Error: Can't find profile directory.
console.warn: SearchSettings: "get: No settings file exists, new profile?" (new Error("", "(unknown module)"))
1605760838774	Marionette	INFO	Listening on port 55416
1605760838890	Marionette	WARN	TLS certificate errors will be ignored for this session
Marionette threw an error: TypeError: driver.dialogObserver is null
waitForNavigationCompleted/<@chrome://marionette/content/navigate.js:364:5

SourceActor threw an exception: [Exception... "Failed to open input source 'javascript:iniciarEncuesta('encuesta')'"  nsresult: "0x80040111 (NS_ERROR_NOT_AVAILABLE)"  location: "JS frame :: resource://devtools/shared/DevToolsUtils.js :: mainThreadFetch/< :: line 668"  data: yes]
Stack: mainThreadFetch/<@resource://devtools/shared/DevToolsUtils.js:668:15
mainThreadFetch@resource://devtools/shared/DevToolsUtils.js:516:10
_fetchURLContents@resource://devtools/server/actors/utils/TabSources.js:440:22
urlContents@resource://devtools/server/actors/utils/TabSources.js:407:17
_resurrectSource@resource://devtools/server/actors/thread.js:2105:69
addAllSources@resource://devtools/server/actors/thread.js:1500:14
onSources@resource://devtools/server/actors/thread.js:1506:10
onPacket@resource://devtools/server/devtools-server-connection.js:379:58
receiveMessage@resource://devtools/shared/transport/child-transport.js:66:16
Line: 668, column: 0
console.error: ({})
JavaScript error: resource://devtools/shared/DevToolsUtils.js, line 668: NS_ERROR_NOT_AVAILABLE: Failed to open input source 'javascript:iniciarEncuesta('encuesta')'
1605763066999	Marionette	INFO	Stopped listening on port 55416

###!!! [Child][MessageChannel::SendAndWait] Error: Channel error: cannot send/recv

tils/TabSources.js:407:17
_resurrectSource@resource://devtools/server/actors/thread.js:2105:69
addAllSources@resource://devtools/server/actors/thread.js:1500:14
onSources@resource://devtools/server/actors/thread.js:1506:10
onPacket@resource://devtools/server/devtools-server-connection.js:379:58
receiveMessage@resource://devtools/shared/transport/child-transport.js:66:16
Line: 668, column: 0
console.error: ({})
JavaScript error: resource://devtools/shared/DevToolsUtils.js, line 668: NS_ERROR_NOT_AVAILABLE: Failed to open input source 'javascript:iniciarEncuesta('encuesta')'
1605763067414	Marionette	INFO	Stopped listening on port 55471

###!!! [Child][RunMessage] Error: Channel closing: too late to send/recv, messages will be lost


###!!! [Child][MessageChannel::SendAndWait] Error: Channel error: cannot send/recv

\\Local\\Temp\\rust_mozprofile6kphYs"
Can't find symbol 'eglSwapBuffersWithDamageEXT'.
Can't find symbol 'eglSetDamageRegionKHR'.
JavaScript error: resource://gre/modules/XULStore.jsm, line 66: Error: Can't find profile directory.
console.warn: SearchSettings: "get: No settings file exists, new profile?" (new Error("", "(unknown module)"))
1605761497228	Marionette	INFO	Listening on port 55659
1605761497686	Marionette	WARN	TLS certificate errors will be ignored for this session
Marionette threw an error: TypeError: driver.dialogObserver is null
waitForNavigationCompleted/<@chrome://marionette/content/navigate.js:364:5

1605762164693	Marionette	INFO	Stopped listening on port 55659

###!!! [Child][RunMessage] Error: Channel closing: too late to send/recv, messages will be lost


###!!! [Child][MessageChannel::SendAndWait] Error: Channel error: cannot send/recv

\\Local\\Temp\\rust_mozprofile5HfIIV"
Can't find symbol 'eglSwapBuffersWithDamageEXT'.
Can't find symbol 'eglSetDamageRegionKHR'.
JavaScript error: resource://gre/modules/XULStore.jsm, line 66: Error: Can't find profile directory.
console.warn: SearchSettings: "get: No settings file exists, new profile?" (new Error("", "(unknown module)"))
1605761541655	Marionette	INFO	Listening on port 55714
1605761542081	Marionette	WARN	TLS certificate errors will be ignored for this session
1605761615444	Marionette	INFO	Stopped listening on port 55714

###!!! [Child][MessageChannel::SendAndWait] Error: Channel error: cannot send/recv

1605761681773	geckodriver	INFO	Listening on 127.0.0.1:55791
1605761684853	mozrunner::runner	INFO	Running command: "D:\\Windows\\Program Files\\Mozilla Firefox\\firefox.exe" "--marionette" "-foreground" "-no-remote" "-profile" "C:\\Users\\bioen\\AppData\\Local\\Temp\\rust_mozprofile4hGxDD"
Can't find symbol 'eglSwapBuffersWithDamageEXT'.
Can't find symbol 'eglSetDamageRegionKHR'.
JavaScript error: resource://gre/modules/XULStore.jsm, line 66: Error: Can't find profile directory.
console.warn: SearchSettings: "get: No settings file exists, new profile?" (new Error("", "(unknown module)"))
1605761687099	Marionette	INFO	Listening on port 55799
1605761687547	Marionette	WARN	TLS certificate errors will be ignored for this session
Marionette threw an error: TypeError: driver.dialogObserver is null
waitForNavigationCompleted/<@chrome://marionette/content/navigate.js:364:5

1605763064837	Marionette	INFO	Stopped listening on port 55799

###!!! [Child][RunMessage] Error: Channel closing: too late to send/recv, messages will be lost


###!!! [Child][MessageChannel::SendAndWait] Error: Channel error: cannot send/recv

\\Local\\Temp\\rust_mozprofileAoBVMN"
Can't find symbol 'eglSwapBuffersWithDamageEXT'.
Can't find symbol 'eglSetDamageRegionKHR'.
JavaScript error: resource://gre/modules/XULStore.jsm, line 66: Error: Can't find profile directory.
console.warn: SearchSettings: "get: No settings file exists, new profile?" (new Error("", "(unknown module)"))
1605761835154	Marionette	INFO	Listening on port 55897
1605761835486	Marionette	WARN	TLS certificate errors will be ignored for this session
1605762160445	Marionette	INFO	Stopped listening on port 55897

###!!! [Child][RunMessage] Error: Channel closing: too late to send/recv, messages will be lost


###!!! [Child][MessageChannel::SendAndWait] Error: Channel error: cannot send/recv

1605762166481	geckodriver	INFO	Listening on 127.0.0.1:55981
1605762169544	mozrunner::runner	INFO	Running command: "D:\\Windows\\Program Files\\Mozilla Firefox\\firefox.exe" "--marionette" "-foreground" "-no-remote" "-profile" "C:\\Users\\bioen\\AppData\\Local\\Temp\\rust_mozprofileqAtA6M"
Can't find symbol 'eglSwapBuffersWithDamageEXT'.
Can't find symbol 'eglSetDamageRegionKHR'.
JavaScript error: resource://gre/modules/XULStore.jsm, line 66: Error: Can't find profile directory.
console.warn: SearchSettings: "get: No settings file exists, new profile?" (new Error("", "(unknown module)"))
1605762171757	Marionette	INFO	Listening on port 55989
1605762172232	Marionette	WARN	TLS certificate errors will be ignored for this session
JavaScript error: http://dep.uaemex.mx/apreciacion/principalalumnoapre.php?cuenta=1310250, line 139: TypeError: document.getElementById(...) is null
1605763052466	Marionette	INFO	Stopped listening on port 55989

###!!! [Child][RunMessage] Error: Channel closing: too late to send/recv, messages will be lost


###!!! [Child][MessageChannel::SendAndWait] Error: Channel error: cannot send/recv

